c:\users\vovan\desktop\zero-rat\zero-rat-kingdom-dungeon\rat_dungeon\rat_dungeon\debug\rat_dungeon.pch
c:\users\vovan\desktop\zero-rat\zero-rat-kingdom-dungeon\rat_dungeon\rat_dungeon\debug\vc141.pdb
c:\users\vovan\desktop\zero-rat\zero-rat-kingdom-dungeon\rat_dungeon\rat_dungeon\debug\vc141.idb
c:\users\vovan\desktop\zero-rat\zero-rat-kingdom-dungeon\rat_dungeon\rat_dungeon\debug\pch.sbr
c:\users\vovan\desktop\zero-rat\zero-rat-kingdom-dungeon\rat_dungeon\rat_dungeon\debug\pch.obj
c:\users\vovan\desktop\zero-rat\zero-rat-kingdom-dungeon\rat_dungeon\rat_dungeon\debug\rat_dungeon.sbr
c:\users\vovan\desktop\zero-rat\zero-rat-kingdom-dungeon\rat_dungeon\rat_dungeon\debug\rat_dungeon.obj
c:\users\vovan\desktop\zero-rat\zero-rat-kingdom-dungeon\rat_dungeon\debug\rat_dungeon.exe
c:\users\vovan\desktop\zero-rat\zero-rat-kingdom-dungeon\rat_dungeon\debug\rat_dungeon.ilk
c:\users\vovan\desktop\zero-rat\zero-rat-kingdom-dungeon\rat_dungeon\debug\rat_dungeon.pdb
c:\users\vovan\desktop\zero-rat\zero-rat-kingdom-dungeon\rat_dungeon\rat_dungeon\debug\nativecodeanalysis.read.1.tlog
c:\users\vovan\desktop\zero-rat\zero-rat-kingdom-dungeon\rat_dungeon\rat_dungeon\debug\pch.nativecodeanalysis.xml
c:\users\vovan\desktop\zero-rat\zero-rat-kingdom-dungeon\rat_dungeon\rat_dungeon\debug\rat_dungeon.nativecodeanalysis.xml
c:\users\vovan\desktop\zero-rat\zero-rat-kingdom-dungeon\rat_dungeon\rat_dungeon\debug\vc.nativecodeanalysis.all.xml
c:\users\vovan\desktop\zero-rat\zero-rat-kingdom-dungeon\rat_dungeon\debug\rat_dungeon.bsc
c:\users\vovan\desktop\zero-rat\zero-rat-kingdom-dungeon\rat_dungeon\rat_dungeon\debug\rat_dungeon.tlog\bscmake.command.1.tlog
c:\users\vovan\desktop\zero-rat\zero-rat-kingdom-dungeon\rat_dungeon\rat_dungeon\debug\rat_dungeon.tlog\bscmake.read.1.tlog
c:\users\vovan\desktop\zero-rat\zero-rat-kingdom-dungeon\rat_dungeon\rat_dungeon\debug\rat_dungeon.tlog\cl.command.1.tlog
c:\users\vovan\desktop\zero-rat\zero-rat-kingdom-dungeon\rat_dungeon\rat_dungeon\debug\rat_dungeon.tlog\cl.read.1.tlog
c:\users\vovan\desktop\zero-rat\zero-rat-kingdom-dungeon\rat_dungeon\rat_dungeon\debug\rat_dungeon.tlog\cl.write.1.tlog
c:\users\vovan\desktop\zero-rat\zero-rat-kingdom-dungeon\rat_dungeon\rat_dungeon\debug\rat_dungeon.tlog\link.command.1.tlog
c:\users\vovan\desktop\zero-rat\zero-rat-kingdom-dungeon\rat_dungeon\rat_dungeon\debug\rat_dungeon.tlog\link.read.1.tlog
c:\users\vovan\desktop\zero-rat\zero-rat-kingdom-dungeon\rat_dungeon\rat_dungeon\debug\rat_dungeon.tlog\link.write.1.tlog
